<?xml version="1.0" encoding="UTF-8"?>
<!-- Generated by org.testng.reporters.JUnitXMLReporter -->
<testsuite ignored="0" hostname="DESKTOP-PALE4QF" failures="0" tests="2" name="Test2" time="11.119" errors="0" timestamp="2025-06-02T23:49:16 IST">
  <testcase classname="testScript.AdminUsersTest" name="adminUsersTest" time="0.109">
    <skipped/>
  </testcase> <!-- adminUsersTest -->
  <testcase classname="testScript.AdminUsersTest" name="adminUsersTest" time="3.609"/>
</testsuite> <!-- Test2 -->
