<?xml version="1.0" encoding="UTF-8"?>
<!-- Generated by org.testng.reporters.JUnitXMLReporter -->
<testsuite ignored="0" hostname="DESKTOP-PALE4QF" failures="0" tests="3" name="Test2" time="25.558" errors="0" timestamp="2025-05-26T23:42:26 IST">
  <testcase classname="testScript.AdminUsersTest" name="adminUsersTest" time="0.262">
    <skipped/>
  </testcase> <!-- adminUsersTest -->
  <testcase classname="testScript.AdminUsersTest" name="adminUsersTest" time="12.997">
    <skipped/>
  </testcase> <!-- adminUsersTest -->
  <testcase classname="testScript.AdminUsersTest" name="adminUsersTest" time="2.375"/>
</testsuite> <!-- Test2 -->
