<?xml version="1.0" encoding="UTF-8"?>
<!-- Generated by org.testng.reporters.JUnitXMLReporter -->
<testsuite ignored="3" hostname="DESKTOP-PALE4QF" failures="0" tests="1" name="ChromeTest" time="5.968" errors="0" timestamp="2025-05-27T23:19:00 IST">
  <testcase classname="testScript.LoginTest" name="verifyTheUserIsAbleToLoginUsingValidCreadentials" time="2.85"/>
  <testcase classname="testScript.LoginTest" name="verifyTheUserIsUnableToLoginWithInCorrectUsernameAndCorrectPassword" time="0.0">
    <ignored/>
  </testcase> <!-- verifyTheUserIsUnableToLoginWithInCorrectUsernameAndCorrectPassword -->
  <testcase classname="testScript.LoginTest" name="verifyTheUserIsUnableToLoginWithCorrectUsernameAndInCorrectPassword" time="0.0">
    <ignored/>
  </testcase> <!-- verifyTheUserIsUnableToLoginWithCorrectUsernameAndInCorrectPassword -->
  <testcase classname="testScript.LoginTest" name="verifyTheUserIsUnableToLoginWithInCorrectUsernameAndInCorrectPassword" time="0.0">
    <ignored/>
  </testcase> <!-- verifyTheUserIsUnableToLoginWithInCorrectUsernameAndInCorrectPassword -->
</testsuite> <!-- ChromeTest -->
