<?xml version="1.0" encoding="UTF-8"?>
<testng-results ignored="0" total="2" passed="2" failed="0" skipped="0">
  <reporter-output>
  </reporter-output>
  <suite started-at="2025-05-27T23:25:14 IST" name="Suite" finished-at="2025-05-27T23:25:25 IST" duration-ms="11023">
    <groups>
    </groups>
    <test started-at="2025-05-27T23:25:14 IST" name="Test" finished-at="2025-05-27T23:25:25 IST" duration-ms="11023">
      <class name="testScript.ManageNewsTest">
        <test-method is-config="true" signature="initializeBrowser(java.lang.String)[pri:0, instance:testScript.ManageNewsTest@3e0e1046]" started-at="2025-05-27T23:25:21 IST" name="initializeBrowser" finished-at="2025-05-27T23:25:23 IST" duration-ms="2011" status="PASS">
          <params>
            <param index="0">
              <value>
                <![CDATA[chrome]]>
              </value>
            </param>
          </params>
          <reporter-output>
          </reporter-output>
        </test-method> <!-- initializeBrowser -->
        <test-method signature="manageNewsTest()[pri:0, instance:testScript.ManageNewsTest@3e0e1046]" started-at="2025-05-27T23:25:23 IST" name="manageNewsTest" finished-at="2025-05-27T23:25:25 IST" duration-ms="2203" status="PASS">
          <reporter-output>
          </reporter-output>
        </test-method> <!-- manageNewsTest -->
        <test-method is-config="true" signature="driverQuitAndClose(org.testng.ITestResult)[pri:0, instance:testScript.ManageNewsTest@3e0e1046]" started-at="2025-05-27T23:25:25 IST" name="driverQuitAndClose" finished-at="2025-05-27T23:25:25 IST" duration-ms="0" status="PASS">
          <params>
            <param index="0">
              <value>
                <![CDATA[[TestResult name=manageNewsTest status=SUCCESS method=ManageNewsTest.manageNewsTest()[pri:0, instance:testScript.ManageNewsTest@3e0e1046] output={null}]]]>
              </value>
            </param>
          </params>
          <reporter-output>
          </reporter-output>
        </test-method> <!-- driverQuitAndClose -->
      </class> <!-- testScript.ManageNewsTest -->
      <class name="testScript.AdminUsersTest">
        <test-method is-config="true" signature="initializeBrowser(java.lang.String)[pri:0, instance:testScript.AdminUsersTest@47caedad]" started-at="2025-05-27T23:25:14 IST" name="initializeBrowser" finished-at="2025-05-27T23:25:17 IST" duration-ms="2882" status="PASS">
          <params>
            <param index="0">
              <value>
                <![CDATA[chrome]]>
              </value>
            </param>
          </params>
          <reporter-output>
          </reporter-output>
        </test-method> <!-- initializeBrowser -->
        <test-method signature="adminUsersTest()[pri:0, instance:testScript.AdminUsersTest@47caedad]" started-at="2025-05-27T23:25:17 IST" name="adminUsersTest" finished-at="2025-05-27T23:25:21 IST" duration-ms="3860" status="PASS">
          <reporter-output>
          </reporter-output>
        </test-method> <!-- adminUsersTest -->
        <test-method is-config="true" signature="driverQuitAndClose(org.testng.ITestResult)[pri:0, instance:testScript.AdminUsersTest@47caedad]" started-at="2025-05-27T23:25:21 IST" name="driverQuitAndClose" finished-at="2025-05-27T23:25:21 IST" duration-ms="1" status="PASS">
          <params>
            <param index="0">
              <value>
                <![CDATA[[TestResult name=adminUsersTest status=SUCCESS method=AdminUsersTest.adminUsersTest()[pri:0, instance:testScript.AdminUsersTest@47caedad] output={null}]]]>
              </value>
            </param>
          </params>
          <reporter-output>
          </reporter-output>
        </test-method> <!-- driverQuitAndClose -->
      </class> <!-- testScript.AdminUsersTest -->
    </test> <!-- Test -->
  </suite> <!-- Suite -->
</testng-results>
