<?xml version="1.0" encoding="UTF-8"?>
<!-- Generated by org.testng.reporters.JUnitXMLReporter -->
<testsuite ignored="0" hostname="DESKTOP-PALE4QF" failures="0" tests="3" name="Test" time="30.183" errors="0" timestamp="2025-06-03T00:23:41 IST">
  <testcase classname="testScript.AdminUsersTest" name="adminUsersTest" time="13.592">
    <skipped/>
  </testcase> <!-- adminUsersTest -->
  <testcase classname="testScript.AdminUsersTest" name="adminUsersTest" time="3.072"/>
  <testcase classname="testScript.ManageNewsTest" name="manageNewsTest" time="2.836"/>
</testsuite> <!-- Test -->
